[2025-03-13T21:55:57.691Z] > command requires scopes: ["email","openid","https://www.googleapis.com/auth/cloudplatformprojects.readonly","https://www.googleapis.com/auth/firebase","https://www.googleapis.com/auth/cloud-platform"]
[2025-03-13T21:55:57.692Z] > authorizing via signed-in user (ryan.l.seaman@gmail.com)
[2025-03-13T21:55:57.693Z] [iam] checking project final-message-83002 for permissions ["cloudfunctions.functions.create","cloudfunctions.functions.delete","cloudfunctions.functions.get","cloudfunctions.functions.list","cloudfunctions.functions.update","cloudfunctions.operations.get","firebase.projects.get"]
[2025-03-13T21:55:57.694Z] Checked if tokens are valid: false, expires at: 1741903738085
[2025-03-13T21:55:57.694Z] Checked if tokens are valid: false, expires at: 1741903738085
[2025-03-13T21:55:57.694Z] > refreshing access token with scopes: []
[2025-03-13T21:55:57.696Z] >>> [apiv2][query] POST https://www.googleapis.com/oauth2/v3/token [none]
[2025-03-13T21:55:57.696Z] >>> [apiv2][body] POST https://www.googleapis.com/oauth2/v3/token [omitted]
[2025-03-13T21:55:57.827Z] <<< [apiv2][status] POST https://www.googleapis.com/oauth2/v3/token 200
[2025-03-13T21:55:57.828Z] <<< [apiv2][body] POST https://www.googleapis.com/oauth2/v3/token [omitted]
[2025-03-13T21:55:57.839Z] >>> [apiv2][query] POST https://cloudresourcemanager.googleapis.com/v1/projects/final-message-83002:testIamPermissions [none]
[2025-03-13T21:55:57.839Z] >>> [apiv2][(partial)header] POST https://cloudresourcemanager.googleapis.com/v1/projects/final-message-83002:testIamPermissions x-goog-quota-user=projects/final-message-83002
[2025-03-13T21:55:57.839Z] >>> [apiv2][body] POST https://cloudresourcemanager.googleapis.com/v1/projects/final-message-83002:testIamPermissions {"permissions":["cloudfunctions.functions.create","cloudfunctions.functions.delete","cloudfunctions.functions.get","cloudfunctions.functions.list","cloudfunctions.functions.update","cloudfunctions.operations.get","firebase.projects.get"]}
[2025-03-13T21:55:57.994Z] <<< [apiv2][status] POST https://cloudresourcemanager.googleapis.com/v1/projects/final-message-83002:testIamPermissions 200
[2025-03-13T21:55:57.995Z] <<< [apiv2][body] POST https://cloudresourcemanager.googleapis.com/v1/projects/final-message-83002:testIamPermissions {"permissions":["cloudfunctions.functions.create","cloudfunctions.functions.delete","cloudfunctions.functions.get","cloudfunctions.functions.list","cloudfunctions.functions.update","cloudfunctions.operations.get","firebase.projects.get"]}
[2025-03-13T21:55:57.995Z] Checked if tokens are valid: true, expires at: 1741906556828
[2025-03-13T21:55:57.995Z] Checked if tokens are valid: true, expires at: 1741906556828
[2025-03-13T21:55:57.995Z] >>> [apiv2][query] POST https://iam.googleapis.com/v1/projects/final-message-83002/serviceAccounts/final-message-83002@appspot.gserviceaccount.com:testIamPermissions [none]
[2025-03-13T21:55:57.995Z] >>> [apiv2][body] POST https://iam.googleapis.com/v1/projects/final-message-83002/serviceAccounts/final-message-83002@appspot.gserviceaccount.com:testIamPermissions {"permissions":["iam.serviceAccounts.actAs"]}
[2025-03-13T21:55:58.155Z] <<< [apiv2][status] POST https://iam.googleapis.com/v1/projects/final-message-83002/serviceAccounts/final-message-83002@appspot.gserviceaccount.com:testIamPermissions 200
[2025-03-13T21:55:58.156Z] <<< [apiv2][body] POST https://iam.googleapis.com/v1/projects/final-message-83002/serviceAccounts/final-message-83002@appspot.gserviceaccount.com:testIamPermissions {"permissions":["iam.serviceAccounts.actAs"]}

=== Deploying to 'final-message-83002'...

i  deploying functions 
[2025-03-13T21:55:58.160Z] Checked if tokens are valid: true, expires at: 1741906556828
[2025-03-13T21:55:58.160Z] Checked if tokens are valid: true, expires at: 1741906556828
[2025-03-13T21:55:58.160Z] >>> [apiv2][query] GET https://cloudresourcemanager.googleapis.com/v1/projects/final-message-83002 [none]
[2025-03-13T21:55:58.231Z] <<< [apiv2][status] GET https://cloudresourcemanager.googleapis.com/v1/projects/final-message-83002 200
[2025-03-13T21:55:58.232Z] <<< [apiv2][body] GET https://cloudresourcemanager.googleapis.com/v1/projects/final-message-83002 {"projectNumber":"481135929025","projectId":"final-message-83002","lifecycleState":"ACTIVE","name":"final-message-board","labels":{"firebase":"enabled","firebase-core":"disabled"},"createTime":"2025-03-11T01:50:08.084997Z"}
i  functions: preparing codebase default for deployment 
i  functions: ensuring required API cloudfunctions.googleapis.com is enabled... 
[2025-03-13T21:55:58.234Z] Checked if tokens are valid: true, expires at: 1741906556828
[2025-03-13T21:55:58.235Z] Checked if tokens are valid: true, expires at: 1741906556828
[2025-03-13T21:55:58.236Z] Checked if tokens are valid: true, expires at: 1741906556828
[2025-03-13T21:55:58.236Z] Checked if tokens are valid: true, expires at: 1741906556828
i  functions: ensuring required API cloudbuild.googleapis.com is enabled... 
[2025-03-13T21:55:58.237Z] Checked if tokens are valid: true, expires at: 1741906556828
[2025-03-13T21:55:58.237Z] Checked if tokens are valid: true, expires at: 1741906556828
i  artifactregistry: ensuring required API artifactregistry.googleapis.com is enabled... 
[2025-03-13T21:55:58.237Z] Checked if tokens are valid: true, expires at: 1741906556828
[2025-03-13T21:55:58.237Z] Checked if tokens are valid: true, expires at: 1741906556828
[2025-03-13T21:55:58.237Z] >>> [apiv2][query] GET https://serviceusage.googleapis.com/v1/projects/final-message-83002/services/cloudfunctions.googleapis.com [none]
[2025-03-13T21:55:58.237Z] >>> [apiv2][(partial)header] GET https://serviceusage.googleapis.com/v1/projects/final-message-83002/services/cloudfunctions.googleapis.com x-goog-quota-user=projects/final-message-83002
[2025-03-13T21:55:58.240Z] >>> [apiv2][query] GET https://serviceusage.googleapis.com/v1/projects/final-message-83002/services/runtimeconfig.googleapis.com [none]
[2025-03-13T21:55:58.240Z] >>> [apiv2][(partial)header] GET https://serviceusage.googleapis.com/v1/projects/final-message-83002/services/runtimeconfig.googleapis.com x-goog-quota-user=projects/final-message-83002
[2025-03-13T21:55:58.243Z] >>> [apiv2][query] GET https://serviceusage.googleapis.com/v1/projects/final-message-83002/services/cloudbuild.googleapis.com [none]
[2025-03-13T21:55:58.243Z] >>> [apiv2][(partial)header] GET https://serviceusage.googleapis.com/v1/projects/final-message-83002/services/cloudbuild.googleapis.com x-goog-quota-user=projects/final-message-83002
[2025-03-13T21:55:58.245Z] >>> [apiv2][query] GET https://serviceusage.googleapis.com/v1/projects/final-message-83002/services/artifactregistry.googleapis.com [none]
[2025-03-13T21:55:58.245Z] >>> [apiv2][(partial)header] GET https://serviceusage.googleapis.com/v1/projects/final-message-83002/services/artifactregistry.googleapis.com x-goog-quota-user=projects/final-message-83002
[2025-03-13T21:55:58.502Z] <<< [apiv2][status] GET https://serviceusage.googleapis.com/v1/projects/final-message-83002/services/runtimeconfig.googleapis.com 200
[2025-03-13T21:55:58.503Z] <<< [apiv2][body] GET https://serviceusage.googleapis.com/v1/projects/final-message-83002/services/runtimeconfig.googleapis.com [omitted]
[2025-03-13T21:55:58.504Z] <<< [apiv2][status] GET https://serviceusage.googleapis.com/v1/projects/final-message-83002/services/cloudfunctions.googleapis.com 200
[2025-03-13T21:55:58.504Z] <<< [apiv2][body] GET https://serviceusage.googleapis.com/v1/projects/final-message-83002/services/cloudfunctions.googleapis.com [omitted]
✔  functions: required API cloudfunctions.googleapis.com is enabled 
[2025-03-13T21:55:58.506Z] <<< [apiv2][status] GET https://serviceusage.googleapis.com/v1/projects/final-message-83002/services/cloudbuild.googleapis.com 200
[2025-03-13T21:55:58.507Z] <<< [apiv2][body] GET https://serviceusage.googleapis.com/v1/projects/final-message-83002/services/cloudbuild.googleapis.com [omitted]
✔  functions: required API cloudbuild.googleapis.com is enabled 
[2025-03-13T21:55:58.509Z] <<< [apiv2][status] GET https://serviceusage.googleapis.com/v1/projects/final-message-83002/services/artifactregistry.googleapis.com 200
[2025-03-13T21:55:58.509Z] <<< [apiv2][body] GET https://serviceusage.googleapis.com/v1/projects/final-message-83002/services/artifactregistry.googleapis.com [omitted]
✔  artifactregistry: required API artifactregistry.googleapis.com is enabled 
[2025-03-13T21:55:58.509Z] Checked if tokens are valid: true, expires at: 1741906556828
[2025-03-13T21:55:58.510Z] Checked if tokens are valid: true, expires at: 1741906556828
[2025-03-13T21:55:58.510Z] >>> [apiv2][query] GET https://firebase.googleapis.com/v1beta1/projects/final-message-83002/adminSdkConfig [none]
[2025-03-13T21:55:58.734Z] <<< [apiv2][status] GET https://firebase.googleapis.com/v1beta1/projects/final-message-83002/adminSdkConfig 200
[2025-03-13T21:55:58.735Z] <<< [apiv2][body] GET https://firebase.googleapis.com/v1beta1/projects/final-message-83002/adminSdkConfig {"projectId":"final-message-83002","storageBucket":"final-message-83002.firebasestorage.app"}
[2025-03-13T21:55:58.736Z] Checked if tokens are valid: true, expires at: 1741906556828
[2025-03-13T21:55:58.736Z] Checked if tokens are valid: true, expires at: 1741906556828
[2025-03-13T21:55:58.738Z] >>> [apiv2][query] GET https://runtimeconfig.googleapis.com/v1beta1/projects/final-message-83002/configs [none]
[2025-03-13T21:55:58.892Z] <<< [apiv2][status] GET https://runtimeconfig.googleapis.com/v1beta1/projects/final-message-83002/configs 200
[2025-03-13T21:55:58.892Z] <<< [apiv2][body] GET https://runtimeconfig.googleapis.com/v1beta1/projects/final-message-83002/configs {}
[2025-03-13T21:55:58.894Z] Validating nodejs source
[2025-03-13T21:55:59.486Z] > [functions] package.json contents: {
  "name": "server",
  "version": "1.0.0",
  "main": "index.js",
  "scripts": {
    "start": "firebase emulators:start --only functions",
    "deploy": "firebase deploy --only functions",
    "serve": "firebase emulators:start --only functions",
    "build": "tsc",
    "test": "echo \"Error: no test specified\" && exit 1"
  },
  "keywords": [],
  "author": "",
  "license": "ISC",
  "description": "",
  "engines": {
    "node": "22"
  },
  "dependencies": {
    "firebase-admin": "^13.2.0",
    "firebase-functions": "^6.3.2"
  }
}
[2025-03-13T21:55:59.486Z] Building nodejs source
i  functions: Loading and analyzing source code for codebase default to determine what to deploy 
[2025-03-13T21:55:59.487Z] Could not find functions.yaml. Must use http discovery
[2025-03-13T21:55:59.495Z] Found firebase-functions binary at '/Users/ryan/Documents/Programming/top/final-message-board/node_modules/.bin/firebase-functions'
Serving at port 8326

[2025-03-13T21:55:59.954Z] Got response from /__/functions.yaml {"endpoints":{"api":{"availableMemoryMb":null,"timeoutSeconds":null,"minInstances":null,"maxInstances":null,"ingressSettings":null,"concurrency":null,"serviceAccountEmail":null,"vpc":null,"platform":"gcfv2","labels":{},"httpsTrigger":{},"entryPoint":"api"}},"specVersion":"v1alpha1","requiredAPIs":[],"extensions":{}}
i  extensions: ensuring required API firebaseextensions.googleapis.com is enabled... 
[2025-03-13T21:56:04.006Z] Checked if tokens are valid: true, expires at: 1741906556828
[2025-03-13T21:56:04.006Z] Checked if tokens are valid: true, expires at: 1741906556828
[2025-03-13T21:56:04.007Z] >>> [apiv2][query] GET https://serviceusage.googleapis.com/v1/projects/final-message-83002/services/firebaseextensions.googleapis.com [none]
[2025-03-13T21:56:04.007Z] >>> [apiv2][(partial)header] GET https://serviceusage.googleapis.com/v1/projects/final-message-83002/services/firebaseextensions.googleapis.com x-goog-quota-user=projects/final-message-83002
[2025-03-13T21:56:04.257Z] <<< [apiv2][status] GET https://serviceusage.googleapis.com/v1/projects/final-message-83002/services/firebaseextensions.googleapis.com 200
[2025-03-13T21:56:04.257Z] <<< [apiv2][body] GET https://serviceusage.googleapis.com/v1/projects/final-message-83002/services/firebaseextensions.googleapis.com [omitted]
✔  extensions: required API firebaseextensions.googleapis.com is enabled 
[2025-03-13T21:56:04.257Z] > command requires scopes: ["email","openid","https://www.googleapis.com/auth/cloudplatformprojects.readonly","https://www.googleapis.com/auth/firebase","https://www.googleapis.com/auth/cloud-platform"]
[2025-03-13T21:56:04.258Z] > authorizing via signed-in user (ryan.l.seaman@gmail.com)
[2025-03-13T21:56:04.258Z] [iam] checking project final-message-83002 for permissions ["firebase.projects.get","firebaseextensions.instances.list"]
[2025-03-13T21:56:04.259Z] Checked if tokens are valid: true, expires at: 1741906556828
[2025-03-13T21:56:04.259Z] Checked if tokens are valid: true, expires at: 1741906556828
[2025-03-13T21:56:04.259Z] >>> [apiv2][query] POST https://cloudresourcemanager.googleapis.com/v1/projects/final-message-83002:testIamPermissions [none]
[2025-03-13T21:56:04.260Z] >>> [apiv2][(partial)header] POST https://cloudresourcemanager.googleapis.com/v1/projects/final-message-83002:testIamPermissions x-goog-quota-user=projects/final-message-83002
[2025-03-13T21:56:04.260Z] >>> [apiv2][body] POST https://cloudresourcemanager.googleapis.com/v1/projects/final-message-83002:testIamPermissions {"permissions":["firebase.projects.get","firebaseextensions.instances.list"]}
[2025-03-13T21:56:04.397Z] <<< [apiv2][status] POST https://cloudresourcemanager.googleapis.com/v1/projects/final-message-83002:testIamPermissions 200
[2025-03-13T21:56:04.397Z] <<< [apiv2][body] POST https://cloudresourcemanager.googleapis.com/v1/projects/final-message-83002:testIamPermissions {"permissions":["firebase.projects.get","firebaseextensions.instances.list"]}
[2025-03-13T21:56:04.398Z] Checked if tokens are valid: true, expires at: 1741906556828
[2025-03-13T21:56:04.398Z] Checked if tokens are valid: true, expires at: 1741906556828
[2025-03-13T21:56:04.400Z] >>> [apiv2][query] GET https://firebaseextensions.googleapis.com/v1beta/projects/final-message-83002/instances pageSize=100&pageToken=
[2025-03-13T21:56:04.613Z] <<< [apiv2][status] GET https://firebaseextensions.googleapis.com/v1beta/projects/final-message-83002/instances 200
[2025-03-13T21:56:04.614Z] <<< [apiv2][body] GET https://firebaseextensions.googleapis.com/v1beta/projects/final-message-83002/instances {}
i  functions: Loaded environment variables from .env. 
i  functions: preparing packages/server directory for uploading... 
i  functions: packaged /Users/ryan/Documents/Programming/top/final-message-board/packages/server (4.45 KB) for uploading 
[2025-03-13T21:56:04.673Z] Checked if tokens are valid: true, expires at: 1741906556828
[2025-03-13T21:56:04.673Z] Checked if tokens are valid: true, expires at: 1741906556828
[2025-03-13T21:56:04.673Z] >>> [apiv2][query] GET https://cloudfunctions.googleapis.com/v1/projects/final-message-83002/locations/-/functions [none]
[2025-03-13T21:56:05.176Z] <<< [apiv2][status] GET https://cloudfunctions.googleapis.com/v1/projects/final-message-83002/locations/-/functions 200
[2025-03-13T21:56:05.177Z] <<< [apiv2][body] GET https://cloudfunctions.googleapis.com/v1/projects/final-message-83002/locations/-/functions {}
[2025-03-13T21:56:05.178Z] Checked if tokens are valid: true, expires at: 1741906556828
[2025-03-13T21:56:05.179Z] Checked if tokens are valid: true, expires at: 1741906556828
[2025-03-13T21:56:05.180Z] >>> [apiv2][query] GET https://cloudfunctions.googleapis.com/v2/projects/final-message-83002/locations/-/functions filter=environment%3D%22GEN_2%22
[2025-03-13T21:56:05.596Z] <<< [apiv2][status] GET https://cloudfunctions.googleapis.com/v2/projects/final-message-83002/locations/-/functions 200
[2025-03-13T21:56:05.596Z] <<< [apiv2][body] GET https://cloudfunctions.googleapis.com/v2/projects/final-message-83002/locations/-/functions {"functions":[{"name":"projects/final-message-83002/locations/us-central1/functions/api","buildConfig":{"build":"projects/481135929025/locations/us-central1/builds/4cff2e0e-74a0-4b83-81c3-5b75c1cf9c35","runtime":"nodejs22","entryPoint":"api","source":{"storageSource":{"bucket":"gcf-v2-sources-481135929025-us-central1","object":"api/function-source.zip","generation":"1741901224241809"}},"environmentVariables":{"GOOGLE_NODE_RUN_SCRIPTS":""},"dockerRepository":"projects/final-message-83002/locations/us-central1/repositories/gcf-artifacts","serviceAccount":"projects/final-message-83002/serviceAccounts/481135929025-compute@developer.gserviceaccount.com","automaticUpdatePolicy":{}},"serviceConfig":{"service":"projects/final-message-83002/locations/us-central1/services/api","timeoutSeconds":60,"environmentVariables":{"DB_PASSWORD":"npg_AaTpE2VDZB9n","FIREBASE_CONFIG":"{\"projectId\":\"final-message-83002\",\"storageBucket\":\"final-message-83002.firebasestorage.app\"}","GCLOUD_PROJECT":"final-message-83002","EVENTARC_CLOUD_EVENT_SOURCE":"projects/final-message-83002/locations/us-central1/services/api","FUNCTION_TARGET":"api","LOG_EXECUTION_ID":"true"},"maxInstanceCount":100,"ingressSettings":"ALLOW_ALL","serviceAccountEmail":"481135929025-compute@developer.gserviceaccount.com","availableMemory":"256Mi","allTrafficOnLatestRevision":true,"revision":"api-00004-jex","maxInstanceRequestConcurrency":80,"availableCpu":"1"},"state":"ACTIVE","updateTime":"2025-03-13T21:28:14.396862060Z","labels":{"firebase-functions-hash":"cfde6b4fc69fa918f2a3872dce20afb3e058a8a6","deployment-tool":"cli-firebase"},"environment":"GEN_2","url":"https://us-central1-final-message-83002.cloudfunctions.net/api","createTime":"2025-03-13T19:33:19.107477806Z","satisfiesPzi":true}]}
i  functions: ensuring required API run.googleapis.com is enabled... 
[2025-03-13T21:56:05.602Z] Checked if tokens are valid: true, expires at: 1741906556828
[2025-03-13T21:56:05.603Z] Checked if tokens are valid: true, expires at: 1741906556828
i  functions: ensuring required API eventarc.googleapis.com is enabled... 
[2025-03-13T21:56:05.603Z] Checked if tokens are valid: true, expires at: 1741906556828
[2025-03-13T21:56:05.603Z] Checked if tokens are valid: true, expires at: 1741906556828
i  functions: ensuring required API pubsub.googleapis.com is enabled... 
[2025-03-13T21:56:05.603Z] Checked if tokens are valid: true, expires at: 1741906556828
[2025-03-13T21:56:05.603Z] Checked if tokens are valid: true, expires at: 1741906556828
i  functions: ensuring required API storage.googleapis.com is enabled... 
[2025-03-13T21:56:05.603Z] Checked if tokens are valid: true, expires at: 1741906556828
[2025-03-13T21:56:05.603Z] Checked if tokens are valid: true, expires at: 1741906556828
[2025-03-13T21:56:05.604Z] >>> [apiv2][query] GET https://serviceusage.googleapis.com/v1/projects/final-message-83002/services/run.googleapis.com [none]
[2025-03-13T21:56:05.604Z] >>> [apiv2][(partial)header] GET https://serviceusage.googleapis.com/v1/projects/final-message-83002/services/run.googleapis.com x-goog-quota-user=projects/final-message-83002
[2025-03-13T21:56:05.605Z] >>> [apiv2][query] GET https://serviceusage.googleapis.com/v1/projects/final-message-83002/services/eventarc.googleapis.com [none]
[2025-03-13T21:56:05.605Z] >>> [apiv2][(partial)header] GET https://serviceusage.googleapis.com/v1/projects/final-message-83002/services/eventarc.googleapis.com x-goog-quota-user=projects/final-message-83002
[2025-03-13T21:56:05.606Z] >>> [apiv2][query] GET https://serviceusage.googleapis.com/v1/projects/final-message-83002/services/pubsub.googleapis.com [none]
[2025-03-13T21:56:05.606Z] >>> [apiv2][(partial)header] GET https://serviceusage.googleapis.com/v1/projects/final-message-83002/services/pubsub.googleapis.com x-goog-quota-user=projects/final-message-83002
[2025-03-13T21:56:05.609Z] >>> [apiv2][query] GET https://serviceusage.googleapis.com/v1/projects/final-message-83002/services/storage.googleapis.com [none]
[2025-03-13T21:56:05.609Z] >>> [apiv2][(partial)header] GET https://serviceusage.googleapis.com/v1/projects/final-message-83002/services/storage.googleapis.com x-goog-quota-user=projects/final-message-83002
[2025-03-13T21:56:05.818Z] <<< [apiv2][status] GET https://serviceusage.googleapis.com/v1/projects/final-message-83002/services/pubsub.googleapis.com 200
[2025-03-13T21:56:05.820Z] <<< [apiv2][body] GET https://serviceusage.googleapis.com/v1/projects/final-message-83002/services/pubsub.googleapis.com [omitted]
✔  functions: required API pubsub.googleapis.com is enabled 
[2025-03-13T21:56:05.821Z] <<< [apiv2][status] GET https://serviceusage.googleapis.com/v1/projects/final-message-83002/services/run.googleapis.com 200
[2025-03-13T21:56:05.821Z] <<< [apiv2][body] GET https://serviceusage.googleapis.com/v1/projects/final-message-83002/services/run.googleapis.com [omitted]
✔  functions: required API run.googleapis.com is enabled 
[2025-03-13T21:56:05.824Z] <<< [apiv2][status] GET https://serviceusage.googleapis.com/v1/projects/final-message-83002/services/eventarc.googleapis.com 200
[2025-03-13T21:56:05.824Z] <<< [apiv2][body] GET https://serviceusage.googleapis.com/v1/projects/final-message-83002/services/eventarc.googleapis.com [omitted]
✔  functions: required API eventarc.googleapis.com is enabled 
[2025-03-13T21:56:05.825Z] <<< [apiv2][status] GET https://serviceusage.googleapis.com/v1/projects/final-message-83002/services/storage.googleapis.com 200
[2025-03-13T21:56:05.825Z] <<< [apiv2][body] GET https://serviceusage.googleapis.com/v1/projects/final-message-83002/services/storage.googleapis.com [omitted]
✔  functions: required API storage.googleapis.com is enabled 
i  functions: generating the service identity for pubsub.googleapis.com... 
[2025-03-13T21:56:05.826Z] Checked if tokens are valid: true, expires at: 1741906556828
[2025-03-13T21:56:05.826Z] Checked if tokens are valid: true, expires at: 1741906556828
i  functions: generating the service identity for eventarc.googleapis.com... 
[2025-03-13T21:56:05.826Z] Checked if tokens are valid: true, expires at: 1741906556828
[2025-03-13T21:56:05.826Z] Checked if tokens are valid: true, expires at: 1741906556828
[2025-03-13T21:56:05.827Z] >>> [apiv2][query] POST https://serviceusage.googleapis.com/v1beta1/projects/481135929025/services/pubsub.googleapis.com:generateServiceIdentity [none]
[2025-03-13T21:56:05.827Z] >>> [apiv2][query] POST https://serviceusage.googleapis.com/v1beta1/projects/481135929025/services/eventarc.googleapis.com:generateServiceIdentity [none]
[2025-03-13T21:56:05.955Z] <<< [apiv2][status] POST https://serviceusage.googleapis.com/v1beta1/projects/481135929025/services/pubsub.googleapis.com:generateServiceIdentity 200
[2025-03-13T21:56:05.956Z] <<< [apiv2][body] POST https://serviceusage.googleapis.com/v1beta1/projects/481135929025/services/pubsub.googleapis.com:generateServiceIdentity {"name":"operations/finished.DONE_OPERATION","done":true,"response":{"@type":"type.googleapis.com/google.api.serviceusage.v1beta1.ServiceIdentity","email":"service-481135929025@gcp-sa-pubsub.iam.gserviceaccount.com","uniqueId":"103242189427038110733"}}
[2025-03-13T21:56:05.996Z] <<< [apiv2][status] POST https://serviceusage.googleapis.com/v1beta1/projects/481135929025/services/eventarc.googleapis.com:generateServiceIdentity 200
[2025-03-13T21:56:05.997Z] <<< [apiv2][body] POST https://serviceusage.googleapis.com/v1beta1/projects/481135929025/services/eventarc.googleapis.com:generateServiceIdentity {"name":"operations/finished.DONE_OPERATION","done":true,"response":{"@type":"type.googleapis.com/google.api.serviceusage.v1beta1.ServiceIdentity","email":"service-481135929025@gcp-sa-eventarc.iam.gserviceaccount.com","uniqueId":"103723575032649145045"}}
[2025-03-13T21:56:06.001Z] Checked if tokens are valid: true, expires at: 1741906556828
[2025-03-13T21:56:06.001Z] Checked if tokens are valid: true, expires at: 1741906556828
[2025-03-13T21:56:06.001Z] >>> [apiv2][query] GET https://cloudresourcemanager.googleapis.com/v1/projects/final-message-83002 [none]
[2025-03-13T21:56:06.072Z] <<< [apiv2][status] GET https://cloudresourcemanager.googleapis.com/v1/projects/final-message-83002 200
[2025-03-13T21:56:06.072Z] <<< [apiv2][body] GET https://cloudresourcemanager.googleapis.com/v1/projects/final-message-83002 {"projectNumber":"481135929025","projectId":"final-message-83002","lifecycleState":"ACTIVE","name":"final-message-board","labels":{"firebase":"enabled","firebase-core":"disabled"},"createTime":"2025-03-11T01:50:08.084997Z"}
[2025-03-13T21:56:06.075Z] Checked if tokens are valid: true, expires at: 1741906556828
[2025-03-13T21:56:06.076Z] Checked if tokens are valid: true, expires at: 1741906556828
[2025-03-13T21:56:06.076Z] >>> [apiv2][query] GET https://cloudbilling.googleapis.com/v1/projects/final-message-83002/billingInfo [none]
[2025-03-13T21:56:06.188Z] <<< [apiv2][status] GET https://cloudbilling.googleapis.com/v1/projects/final-message-83002/billingInfo 200
[2025-03-13T21:56:06.190Z] <<< [apiv2][body] GET https://cloudbilling.googleapis.com/v1/projects/final-message-83002/billingInfo {"name":"projects/final-message-83002/billingInfo","projectId":"final-message-83002","billingAccountName":"billingAccounts/015935-F91365-ACC502","billingEnabled":true}
i  functions: Skipping the deploy of unchanged functions. 
✔  functions[api(us-central1)] Skipped (No changes detected) 
[2025-03-13T21:56:06.198Z] Total Function Deployment time: 0
[2025-03-13T21:56:06.198Z] 0 Functions Deployed
[2025-03-13T21:56:06.198Z] 0 Functions Errored
[2025-03-13T21:56:06.198Z] 0 Function Deployments Aborted
[2025-03-13T21:56:06.198Z] Average Function Deployment time: NaN
[2025-03-13T21:56:06.199Z] Not printing URL for HTTPS function. Typically this means it didn't match a filter or we failed deployment
i  functions: cleaning up build files... 
[2025-03-13T21:56:06.201Z] Checked if tokens are valid: true, expires at: 1741906556828
[2025-03-13T21:56:06.201Z] Checked if tokens are valid: true, expires at: 1741906556828
[2025-03-13T21:56:06.202Z] Checked if tokens are valid: true, expires at: 1741906556828
[2025-03-13T21:56:06.202Z] Checked if tokens are valid: true, expires at: 1741906556828
[2025-03-13T21:56:06.202Z] >>> [apiv2][query] DELETE https://artifactregistry.googleapis.com/v1beta2/projects/final-message-83002/locations/us-central1/repositories/gcf-artifacts/packages/api [none]
[2025-03-13T21:56:06.204Z] >>> [apiv2][query] GET https://us.gcr.io/v2/final-message-83002/gcf/us-central1/tags/list [none]
[2025-03-13T21:56:06.361Z] <<< [apiv2][status] GET https://us.gcr.io/v2/final-message-83002/gcf/us-central1/tags/list 404
[2025-03-13T21:56:06.362Z] <<< [apiv2][body] GET https://us.gcr.io/v2/final-message-83002/gcf/us-central1/tags/list {"errors":[{"code":"NAME_UNKNOWN","message":"Repository \"us.gcr.io\" not found"}]}
[2025-03-13T21:56:06.366Z] Failed docker command with error  Request to https://us.gcr.io/v2/final-message-83002/gcf/us-central1/tags/list had HTTP Error: 404, Not Found {"name":"FirebaseError","children":[],"context":{"body":{"errors":[{"code":"NAME_UNKNOWN","message":"Repository \"us.gcr.io\" not found"}],"error":{"message":"Not Found"}},"response":{"statusCode":404}},"exit":1,"message":"Request to https://us.gcr.io/v2/final-message-83002/gcf/us-central1/tags/list had HTTP Error: 404, Not Found","status":404}
[2025-03-13T21:56:06.369Z] Checked if tokens are valid: true, expires at: 1741906556828
[2025-03-13T21:56:06.369Z] Checked if tokens are valid: true, expires at: 1741906556828
[2025-03-13T21:56:06.369Z] >>> [apiv2][query] GET https://us.gcr.io/v2/final-message-83002/gcf/us-central1/tags/list [none]
[2025-03-13T21:56:06.370Z] <<< [apiv2][status] DELETE https://artifactregistry.googleapis.com/v1beta2/projects/final-message-83002/locations/us-central1/repositories/gcf-artifacts/packages/api 404
[2025-03-13T21:56:06.370Z] <<< [apiv2][body] DELETE https://artifactregistry.googleapis.com/v1beta2/projects/final-message-83002/locations/us-central1/repositories/gcf-artifacts/packages/api {"error":{"code":404,"message":"Package \"projects/final-message-83002/locations/us-central1/repositories/gcf-artifacts/packages/api\" was not found.","status":"NOT_FOUND"}}
[2025-03-13T21:56:06.464Z] <<< [apiv2][status] GET https://us.gcr.io/v2/final-message-83002/gcf/us-central1/tags/list 404
[2025-03-13T21:56:06.465Z] <<< [apiv2][body] GET https://us.gcr.io/v2/final-message-83002/gcf/us-central1/tags/list {"errors":[{"code":"NAME_UNKNOWN","message":"Repository \"us.gcr.io\" not found"}]}
[2025-03-13T21:56:06.466Z] Failed docker command with error  Request to https://us.gcr.io/v2/final-message-83002/gcf/us-central1/tags/list had HTTP Error: 404, Not Found {"name":"FirebaseError","children":[],"context":{"body":{"errors":[{"code":"NAME_UNKNOWN","message":"Repository \"us.gcr.io\" not found"}],"error":{"message":"Not Found"}},"response":{"statusCode":404}},"exit":1,"message":"Request to https://us.gcr.io/v2/final-message-83002/gcf/us-central1/tags/list had HTTP Error: 404, Not Found","status":404}
[2025-03-13T21:56:06.568Z] Checked if tokens are valid: true, expires at: 1741906556828
[2025-03-13T21:56:06.570Z] Checked if tokens are valid: true, expires at: 1741906556828
[2025-03-13T21:56:06.570Z] >>> [apiv2][query] GET https://us.gcr.io/v2/final-message-83002/gcf/us-central1/tags/list [none]
[2025-03-13T21:56:06.666Z] <<< [apiv2][status] GET https://us.gcr.io/v2/final-message-83002/gcf/us-central1/tags/list 404
[2025-03-13T21:56:06.667Z] <<< [apiv2][body] GET https://us.gcr.io/v2/final-message-83002/gcf/us-central1/tags/list {"errors":[{"code":"NAME_UNKNOWN","message":"Repository \"us.gcr.io\" not found"}]}
[2025-03-13T21:56:06.668Z] Failed docker command with error  Request to https://us.gcr.io/v2/final-message-83002/gcf/us-central1/tags/list had HTTP Error: 404, Not Found {"name":"FirebaseError","children":[],"context":{"body":{"errors":[{"code":"NAME_UNKNOWN","message":"Repository \"us.gcr.io\" not found"}],"error":{"message":"Not Found"}},"response":{"statusCode":404}},"exit":1,"message":"Request to https://us.gcr.io/v2/final-message-83002/gcf/us-central1/tags/list had HTTP Error: 404, Not Found","status":404}
⚠  functions: Unhandled error cleaning up build images. This could result in a small monthly bill if not corrected. You can attempt to delete these images by redeploying or you can delete them manually at https://console.cloud.google.com/gcr/images/final-message-83002/us/gcf 

✔  Deploy complete! 

Project Console: https://console.firebase.google.com/project/final-message-83002/overview
